<?xml version="1.0" encoding="UTF-8"?>
<testsuite name="Cucumber" time="533.618" tests="16" skipped="0" failures="2" errors="0">
<testcase classname="CT_REG_Auth_API - Auth API Regression Tests" name="Register API returns 201 with new user" time="11.528">
<system-out><![CDATA[
Given the Auth API is available at "https://connectease-1.onrender.com".....passed
When the client sends a POST to "/api/auth/signup" with new user credentials.passed
Then the API response status should be 201..................................passed
]]></system-out>
</testcase>
<testcase classname="CT_REG_Auth_API - Auth API Regression Tests" name="Register with existing email returns 400" time="6.485">
<system-out><![CDATA[
Given the Auth API is available at "https://connectease-1.onrender.com".....passed
When the client sends a POST to "/api/auth/signup" with valid credentials...passed
Then the API response status should be 400..................................passed
]]></system-out>
</testcase>
<testcase classname="CT_REG_Auth_API - Auth API Regression Tests" name="Login returns error body on bad credentials" time="6.762">
<system-out><![CDATA[
Given the Auth API is available at "https://connectease-1.onrender.com".....passed
When the client sends a POST to "/api/auth/signin" with invalid credentials.passed
Then the response body should contain an error message......................passed
]]></system-out>
</testcase>
<testcase classname="CT_REG_AIChat - AI Chat Regression Tests" name="AI Chat responds to a user query" time="52.605">
<system-out><![CDATA[
Given the user is logged in as a customer...................................passed
And the user navigates to the AI Chat page..................................passed
When the user asks AI Chat "What services do you offer?"....................passed
Then the AI Chat should respond to the first query..........................passed
]]></system-out>
</testcase>
<testcase classname="CT_REG_Chat - Real-Time Chat Regression Tests" name="User can send a message via Chat with Vendor on a service detail page" time="72.989">
<failure type="org.openqa.selenium.TimeoutException" message="Expected condition failed: waiting for com.cts.connectease.bdd.stepdefs.ui.ChatStepDefs$$Lambda/0x000002789159c6c8@5122387 (tried for 45 second(s) with 500 milliseconds interval)
Build info: version: '4.18.1', revision: 'b1d3319b48'
System info: os.name: 'Windows 11', os.arch: 'amd64', os.version: '10.0', java.version: '21.0.2'
Driver info: org.openqa.selenium.chrome.ChromeDriver
Capabilities {acceptInsecureCerts: false, browserName: chrome, browserVersion: 146.0.7680.178, chrome: {chromedriverVersion: 146.0.7680.165 (4b989da09e1..., userDataDir: C:\Users\2479983\AppData\Lo...}, fedcm:accounts: true, goog:chromeOptions: {debuggerAddress: localhost:64392}, goog:processID: 25104, networkConnectionEnabled: false, pageLoadStrategy: normal, platformName: windows, proxy: Proxy(), se:cdp: ws://localhost:64392/devtoo..., se:cdpVersion: 146.0.7680.178, setWindowRect: true, strictFileInteractability: false, timeouts: {implicit: 0, pageLoad: 300000, script: 30000}, unhandledPromptBehavior: dismiss and notify, webauthn:extension:credBlob: true, webauthn:extension:largeBlob: true, webauthn:extension:minPinLength: true, webauthn:extension:prf: true, webauthn:virtualAuthenticators: true}
Session ID: 9b7312cc8bf0d1f89e99830125db4132">
<![CDATA[org.openqa.selenium.TimeoutException: Expected condition failed: waiting for com.cts.connectease.bdd.stepdefs.ui.ChatStepDefs$$Lambda/0x000002789159c6c8@5122387 (tried for 45 second(s) with 500 milliseconds interval)
Build info: version: '4.18.1', revision: 'b1d3319b48'
System info: os.name: 'Windows 11', os.arch: 'amd64', os.version: '10.0', java.version: '21.0.2'
Driver info: org.openqa.selenium.chrome.ChromeDriver
Capabilities {acceptInsecureCerts: false, browserName: chrome, browserVersion: 146.0.7680.178, chrome: {chromedriverVersion: 146.0.7680.165 (4b989da09e1..., userDataDir: C:\Users\2479983\AppData\Lo...}, fedcm:accounts: true, goog:chromeOptions: {debuggerAddress: localhost:64392}, goog:processID: 25104, networkConnectionEnabled: false, pageLoadStrategy: normal, platformName: windows, proxy: Proxy(), se:cdp: ws://localhost:64392/devtoo..., se:cdpVersion: 146.0.7680.178, setWindowRect: true, strictFileInteractability: false, timeouts: {implicit: 0, pageLoad: 300000, script: 30000}, unhandledPromptBehavior: dismiss and notify, webauthn:extension:credBlob: true, webauthn:extension:largeBlob: true, webauthn:extension:minPinLength: true, webauthn:extension:prf: true, webauthn:virtualAuthenticators: true}
Session ID: 9b7312cc8bf0d1f89e99830125db4132
	at org.openqa.selenium.support.ui.WebDriverWait.timeoutException(WebDriverWait.java:84)
	at org.openqa.selenium.support.ui.FluentWait.until(FluentWait.java:228)
	at com.cts.connectease.bdd.stepdefs.ui.ChatStepDefs.theUserSendsAMessage(ChatStepDefs.java:85)
	at ✽.the user sends a message "Hello BDD Test"(file:///C:/Users/2479983/Desktop/ConnectEase-Automation/src/test/resources/features/regression/ui/CT_REG_Chat.feature:10)
]]>
</failure>
<system-out><![CDATA[
Given the user is logged in as a customer...................................passed
And the user is on a service detail page....................................passed
When the user clicks Chat with Vendor.......................................passed
Then the chat panel should be open..........................................passed
When the user sends a message "Hello BDD Test"..............................failed
Then the message should appear in the chat window...........................skipped
]]></system-out>
</testcase>
<testcase classname="CT_REG_CommunityForum - Community Forum Regression Tests" name="Logged-in user can share a new story" time="57.748">
<system-out><![CDATA[
Given the user is logged in as a customer...................................passed
And the user is on the community forum page.................................passed
When the user creates a new forum post with title "BDD Test Post"...........passed
Then the new post should appear in the forum................................passed
]]></system-out>
</testcase>
<testcase classname="CT_REG_Login - Login Regression Tests" name="Customer logout redirects to login page" time="11.027">
<system-out><![CDATA[
Given the user is logged in as a customer...................................passed
When the user clicks the logout button......................................passed
Then the user should be redirected to the login page........................passed
]]></system-out>
</testcase>
<testcase classname="CT_REG_Login - Login Regression Tests" name="Vendor logout redirects to login page" time="11.815">
<system-out><![CDATA[
Given the user is logged in as a vendor.....................................passed
When the user clicks the logout button......................................passed
Then the user should be redirected to the login page........................passed
]]></system-out>
</testcase>
<testcase classname="CT_REG_Login - Login Regression Tests" name="Unauthenticated access to chats page is redirected to login" time="7.887">
<system-out><![CDATA[
Given the user is not logged in.............................................passed
When the user navigates directly to "/chats"................................passed
Then the browser URL should contain "/login"................................passed
]]></system-out>
</testcase>
<testcase classname="CT_REG_Login - Login Regression Tests" name="Unauthenticated access to vendor dashboard is guarded" time="54.602">
<failure type="org.openqa.selenium.TimeoutException" message="Expected condition failed: waiting for com.cts.connectease.bdd.stepdefs.ui.LoginStepDefs$$Lambda/0x00000278915a4478@1ad4ff2a (tried for 45 second(s) with 500 milliseconds interval)
Build info: version: '4.18.1', revision: 'b1d3319b48'
System info: os.name: 'Windows 11', os.arch: 'amd64', os.version: '10.0', java.version: '21.0.2'
Driver info: org.openqa.selenium.chrome.ChromeDriver
Capabilities {acceptInsecureCerts: false, browserName: chrome, browserVersion: 146.0.7680.178, chrome: {chromedriverVersion: 146.0.7680.165 (4b989da09e1..., userDataDir: C:\Users\2479983\AppData\Lo...}, fedcm:accounts: true, goog:chromeOptions: {debuggerAddress: localhost:53973}, goog:processID: 26376, networkConnectionEnabled: false, pageLoadStrategy: normal, platformName: windows, proxy: Proxy(), se:cdp: ws://localhost:53973/devtoo..., se:cdpVersion: 146.0.7680.178, setWindowRect: true, strictFileInteractability: false, timeouts: {implicit: 0, pageLoad: 300000, script: 30000}, unhandledPromptBehavior: dismiss and notify, webauthn:extension:credBlob: true, webauthn:extension:largeBlob: true, webauthn:extension:minPinLength: true, webauthn:extension:prf: true, webauthn:virtualAuthenticators: true}
Session ID: 9d1384892348b78f2b7eccbb758770f6">
<![CDATA[org.openqa.selenium.TimeoutException: Expected condition failed: waiting for com.cts.connectease.bdd.stepdefs.ui.LoginStepDefs$$Lambda/0x00000278915a4478@1ad4ff2a (tried for 45 second(s) with 500 milliseconds interval)
Build info: version: '4.18.1', revision: 'b1d3319b48'
System info: os.name: 'Windows 11', os.arch: 'amd64', os.version: '10.0', java.version: '21.0.2'
Driver info: org.openqa.selenium.chrome.ChromeDriver
Capabilities {acceptInsecureCerts: false, browserName: chrome, browserVersion: 146.0.7680.178, chrome: {chromedriverVersion: 146.0.7680.165 (4b989da09e1..., userDataDir: C:\Users\2479983\AppData\Lo...}, fedcm:accounts: true, goog:chromeOptions: {debuggerAddress: localhost:53973}, goog:processID: 26376, networkConnectionEnabled: false, pageLoadStrategy: normal, platformName: windows, proxy: Proxy(), se:cdp: ws://localhost:53973/devtoo..., se:cdpVersion: 146.0.7680.178, setWindowRect: true, strictFileInteractability: false, timeouts: {implicit: 0, pageLoad: 300000, script: 30000}, unhandledPromptBehavior: dismiss and notify, webauthn:extension:credBlob: true, webauthn:extension:largeBlob: true, webauthn:extension:minPinLength: true, webauthn:extension:prf: true, webauthn:virtualAuthenticators: true}
Session ID: 9d1384892348b78f2b7eccbb758770f6
	at org.openqa.selenium.support.ui.WebDriverWait.timeoutException(WebDriverWait.java:84)
	at org.openqa.selenium.support.ui.FluentWait.until(FluentWait.java:228)
	at com.cts.connectease.bdd.stepdefs.ui.LoginStepDefs.theBrowserUrlShouldContain(LoginStepDefs.java:102)
	at ✽.the browser URL should contain "/login"(file:///C:/Users/2479983/Desktop/ConnectEase-Automation/src/test/resources/features/regression/ui/CT_REG_Login.feature:26)
]]>
</failure>
<system-out><![CDATA[
Given the user is not logged in.............................................passed
When the user navigates directly to "/vendor/dashboard".....................passed
Then the browser URL should contain "/login"................................failed
]]></system-out>
</testcase>
<testcase classname="CT_REG_ServiceListings - Service Listings Regression Tests" name="Search by keyword returns results" time="14.967">
<system-out><![CDATA[
Given the user is logged in as a customer...................................passed
And the user is on the service listings page................................passed
When the user searches for a service by keyword "plumb".....................passed
Then search results containing "plumb" should appear........................passed
]]></system-out>
</testcase>
<testcase classname="CT_REG_ServiceListings - Service Listings Regression Tests" name="Sort listings by price" time="55.607">
<system-out><![CDATA[
Given the user is logged in as a customer...................................passed
And the user is on the service listings page................................passed
When the user sorts listings by "price".....................................passed
Then listings should be sorted accordingly..................................passed
]]></system-out>
</testcase>
<testcase classname="CT_REG_Signup - Signup Regression Tests" name="Signup with duplicate email shows error" time="19.816">
<system-out><![CDATA[
Given the user is on the signup page........................................passed
When the user enters an already registered email "vishal.user@gmail.com"....passed
Then a duplicate email error should be displayed............................passed
]]></system-out>
</testcase>
<testcase classname="CT_REG_Signup - Signup Regression Tests" name="Signup with password too short shows error" time="11.677">
<system-out><![CDATA[
Given the user is on the signup page........................................passed
When the user enters a password "123" that is too short.....................passed
Then a password length error should be displayed............................passed
]]></system-out>
</testcase>
<testcase classname="CT_REG_Signup - Signup Regression Tests" name="Signup with invalid phone shows error" time="11.349">
<system-out><![CDATA[
Given the user is on the signup page........................................passed
When the user enters an invalid phone number "175725783"....................passed
Then a phone number error should be displayed...............................passed
]]></system-out>
</testcase>
<testcase classname="CT_REG_VendorDashboard - Vendor Dashboard Regression Tests" name="Vendor can create a new service listing" time="126.28">
<system-out><![CDATA[
Given the user is logged in as a vendor.....................................passed
And the vendor is on the vendor dashboard...................................passed
When the vendor fills in and submits the new service form...................passed
Then the new service should appear in the listings..........................passed
]]></system-out>
</testcase>
</testsuite>
